Using pre-set license
Built from '2020.3/staging' branch; Version is '2020.3.22f1 (e1a7f79fd887) revision 14788599'; Using compiler version '192528614'; Build Type 'Release'
OS: 'Windows 10 Home; OS build 19043.1288; Version 2009; 64bit' Language: 'sv' Physical Memory: 16336 MB
BatchMode: 1, IsHumanControllingUs: 0, StartBugReporterOnCrash: 0, Is64bit: 1, IsPro: 0

COMMAND LINE ARGUMENTS:
C:\Program Files\Unity\Hub\Editor\2020.3.22f1\Editor\Unity.exe
-adb2
-batchMode
-noUpm
-name
AssetImportWorker1
-projectPath
D:/Unity Projects/KingdomCome
-logFile
Logs/AssetImportWorker1.log
-srvPort
57216
Successfully changed project path to: D:/Unity Projects/KingdomCome
D:/Unity Projects/KingdomCome
Using Asset Import Pipeline V2.
Refreshing native plugins compatible for Editor in 55.29 ms, found 3 plugins.
Preloading 0 native plugins for Editor in 0.00 ms.
Initialize engine version: 2020.3.22f1 (e1a7f79fd887)
[Subsystems] Discovering subsystems at path C:/Program Files/Unity/Hub/Editor/2020.3.22f1/Editor/Data/Resources/UnitySubsystems
[Subsystems] Discovering subsystems at path D:/Unity Projects/KingdomCome/Assets
GfxDevice: creating device client; threaded=0
Direct3D:
    Version:  Direct3D 11.0 [level 11.1]
    Renderer: NVIDIA GeForce GTX 1070 (ID=0x1b81)
    Vendor:   
    VRAM:     8088 MB
    Driver:   30.0.14.7141
Initialize mono
Mono path[0] = 'C:/Program Files/Unity/Hub/Editor/2020.3.22f1/Editor/Data/Managed'
Mono path[1] = 'C:/Program Files/Unity/Hub/Editor/2020.3.22f1/Editor/Data/MonoBleedingEdge/lib/mono/unityjit'
Mono config path = 'C:/Program Files/Unity/Hub/Editor/2020.3.22f1/Editor/Data/MonoBleedingEdge/etc'
Using monoOptions --debugger-agent=transport=dt_socket,embedding=1,server=y,suspend=n,address=127.0.0.1:56020
Begin MonoManager ReloadAssembly
Registering precompiled unity dll's ...
Register platform support module: C:/Program Files/Unity/Hub/Editor/2020.3.22f1/Editor/Data/PlaybackEngines/WindowsStandaloneSupport/UnityEditor.WindowsStandalone.Extensions.dll
Registered in 0.003833 seconds.
Native extension for WindowsStandalone target not found
Refreshing native plugins compatible for Editor in 68.42 ms, found 3 plugins.
Preloading 0 native plugins for Editor in 0.00 ms.
Mono: successfully reloaded assembly
- Completed reload, in  2.086 seconds
Domain Reload Profiling:
	ReloadAssembly (2086ms)
		BeginReloadAssembly (113ms)
			ExecutionOrderSort (0ms)
			DisableScriptedObjects (0ms)
			BackupInstance (0ms)
			ReleaseScriptingObjects (0ms)
			CreateAndSetChildDomain (1ms)
		EndReloadAssembly (948ms)
			LoadAssemblies (114ms)
			RebuildTransferFunctionScriptingTraits (0ms)
			SetupTypeCache (323ms)
			ReleaseScriptCaches (0ms)
			RebuildScriptCaches (137ms)
			SetupLoadedEditorAssemblies (257ms)
				LogAssemblyErrors (0ms)
				InitializePlatformSupportModulesInManaged (11ms)
				SetLoadedEditorAssemblies (0ms)
				RefreshPlugins (69ms)
				BeforeProcessingInitializeOnLoad (18ms)
				ProcessInitializeOnLoadAttributes (118ms)
				ProcessInitializeOnLoadMethodAttributes (41ms)
				AfterProcessingInitializeOnLoad (0ms)
				EditorAssembliesLoaded (0ms)
			ExecutionOrderSort2 (0ms)
			AwakeInstancesAfterBackupRestoration (0ms)
Platform modules already initialized, skipping
Registering precompiled user dll's ...
Registered in 0.010315 seconds.
Begin MonoManager ReloadAssembly
Native extension for WindowsStandalone target not found
Refreshing native plugins compatible for Editor in 54.89 ms, found 3 plugins.
Preloading 0 native plugins for Editor in 0.00 ms.
Mono: successfully reloaded assembly
- Completed reload, in  1.435 seconds
Domain Reload Profiling:
	ReloadAssembly (1437ms)
		BeginReloadAssembly (213ms)
			ExecutionOrderSort (0ms)
			DisableScriptedObjects (7ms)
			BackupInstance (0ms)
			ReleaseScriptingObjects (0ms)
			CreateAndSetChildDomain (25ms)
		EndReloadAssembly (1123ms)
			LoadAssemblies (157ms)
			RebuildTransferFunctionScriptingTraits (0ms)
			SetupTypeCache (374ms)
			ReleaseScriptCaches (1ms)
			RebuildScriptCaches (52ms)
			SetupLoadedEditorAssemblies (425ms)
				LogAssemblyErrors (0ms)
				InitializePlatformSupportModulesInManaged (4ms)
				SetLoadedEditorAssemblies (0ms)
				RefreshPlugins (55ms)
				BeforeProcessingInitializeOnLoad (89ms)
				ProcessInitializeOnLoadAttributes (244ms)
				ProcessInitializeOnLoadMethodAttributes (20ms)
				AfterProcessingInitializeOnLoad (11ms)
				EditorAssembliesLoaded (0ms)
			ExecutionOrderSort2 (0ms)
			AwakeInstancesAfterBackupRestoration (7ms)
Platform modules already initialized, skipping
========================================================================
Worker process is ready to serve import requests
Launched and connected shader compiler UnityShaderCompiler.exe after 0.06 seconds
Refreshing native plugins compatible for Editor in 0.57 ms, found 3 plugins.
Preloading 0 native plugins for Editor in 0.00 ms.
Unloading 2205 Unused Serialized files (Serialized files now loaded: 0)
System memory in use before: 98.0 MB.
System memory in use after: 98.1 MB.

Unloading 28 unused Assets to reduce memory usage. Loaded Objects now: 2640.
Total: 5.039300 ms (FindLiveObjects: 0.182500 ms CreateObjectMapping: 0.081200 ms MarkObjects: 4.678400 ms  DeleteObjects: 0.095900 ms)

AssetImportParameters requested are different than current active one (requested -> active):
  custom:framework-win-MediaFoundation: 216162199b28c13a410421893ffa2e32 -> 
  custom:video-decoder-ogg-theora: a1e56fd34408186e4bbccfd4996cb3dc -> 
  custom:container-muxer-webm: aa71ff27fc2769a1b78a27578f13a17b -> 
  custom:container-demuxer-webm: 4f35f7cbe854078d1ac9338744f61a02 -> 
  custom:container-demuxer-ogg: 62fdf1f143b41e24485cea50d1cbac27 -> 
  custom:video-encoder-webm-vp8: eb34c28f22e8b96e1ab97ce403110664 -> 
  custom:video-codec-MediaFoundation-h265: 746d11721c4dcdbdad8f713fa42b33f4 -> 
  custom:video-decoder-webm-vp8: 9c59270c3fd7afecdb556c50c9e8de78 -> 
  custom:audio-decoder-ogg-vorbis: bf7c407c2cedff20999df2af8eb42d56 -> 
  custom:audio-encoder-webm-vorbis: bf7c407c2cedff20999df2af8eb42d56 -> 
========================================================================
Received Import Request.
  path: Assets/Sprites/Buildings/Decor_Window_02.png
  artifactKey: Guid(2d9b1f59442abbd499a2b931b584a104) Importer(815301076,1909f56bfc062723c751e8b465ee728b)
Start importing Assets/Sprites/Buildings/Decor_Window_02.png using Guid(2d9b1f59442abbd499a2b931b584a104) Importer(815301076,1909f56bfc062723c751e8b465ee728b)  -> (artifact id: 'e1722a4e9bc2ea0e640e25b7f2c3ee18') in 0.172470 seconds 
  Import took 0.176770 seconds .

========================================================================
Received Import Request.
  Time since last request: 2.047283 seconds.
  path: Assets/Sprites/Buildings/Roof_B_04.png
  artifactKey: Guid(cb83dc0c3da7c4043807cfbddbd4a298) Importer(815301076,1909f56bfc062723c751e8b465ee728b)
Start importing Assets/Sprites/Buildings/Roof_B_04.png using Guid(cb83dc0c3da7c4043807cfbddbd4a298) Importer(815301076,1909f56bfc062723c751e8b465ee728b)  -> (artifact id: '197a30de830c088b5de8a112dd6355db') in 0.015164 seconds 
  Import took 0.018766 seconds .

========================================================================
Received Import Request.
  Time since last request: 11.987277 seconds.
  path: Assets/Sprites/Buildings/Wall_A_02.png
  artifactKey: Guid(7bcba9a8ea25bcf4ca052cfb5c0b7ae1) Importer(815301076,1909f56bfc062723c751e8b465ee728b)
Start importing Assets/Sprites/Buildings/Wall_A_02.png using Guid(7bcba9a8ea25bcf4ca052cfb5c0b7ae1) Importer(815301076,1909f56bfc062723c751e8b465ee728b)  -> (artifact id: '893906d99e26b569b7b0a7334586b7f0') in 0.015260 seconds 
  Import took 0.018800 seconds .

========================================================================
Received Import Request.
  Time since last request: 1.500035 seconds.
  path: Assets/Sprites/Buildings/Roof_A_03.png
  artifactKey: Guid(5d0a73d08ac63d04b82c38ec86027bba) Importer(815301076,1909f56bfc062723c751e8b465ee728b)
Start importing Assets/Sprites/Buildings/Roof_A_03.png using Guid(5d0a73d08ac63d04b82c38ec86027bba) Importer(815301076,1909f56bfc062723c751e8b465ee728b)  -> (artifact id: '875bd452f71a8b1b0a62b3d300a30d81') in 0.017184 seconds 
  Import took 0.020877 seconds .

========================================================================
Received Import Request.
  Time since last request: 0.709284 seconds.
  path: Assets/Sprites/Buildings/Roof_A_02.png
  artifactKey: Guid(6a18d140fb8777340969c9ff70247538) Importer(815301076,1909f56bfc062723c751e8b465ee728b)
Start importing Assets/Sprites/Buildings/Roof_A_02.png using Guid(6a18d140fb8777340969c9ff70247538) Importer(815301076,1909f56bfc062723c751e8b465ee728b)  -> (artifact id: '1a0cd7e9d1b1df44468e7ad9aa95b418') in 0.016153 seconds 
  Import took 0.020316 seconds .

========================================================================
Received Import Request.
  Time since last request: 4.607118 seconds.
  path: Assets/Sprites/Buildings/Pillar_04.png
  artifactKey: Guid(d38654b454ff0864b830611ac73bdc04) Importer(815301076,1909f56bfc062723c751e8b465ee728b)
Start importing Assets/Sprites/Buildings/Pillar_04.png using Guid(d38654b454ff0864b830611ac73bdc04) Importer(815301076,1909f56bfc062723c751e8b465ee728b)  -> (artifact id: '0a07a67baddc081660fe74591d1a1884') in 0.016618 seconds 
  Import took 0.020309 seconds .

========================================================================
Received Import Request.
  Time since last request: 2.986715 seconds.
  path: Assets/Sprites/Buildings/Door_04.png
  artifactKey: Guid(8dda4c4fff298474a9ef3516ec63a40e) Importer(815301076,1909f56bfc062723c751e8b465ee728b)
Start importing Assets/Sprites/Buildings/Door_04.png using Guid(8dda4c4fff298474a9ef3516ec63a40e) Importer(815301076,1909f56bfc062723c751e8b465ee728b)  -> (artifact id: '687af33afd7452ca878f0f517eb1e19a') in 0.017467 seconds 
  Import took 0.021979 seconds .

========================================================================
Received Import Request.
  Time since last request: 11.009920 seconds.
  path: Assets/Sprites/Buildings/Pillar_05.png
  artifactKey: Guid(43e739250d59b854b8a7322f16a97c6a) Importer(815301076,1909f56bfc062723c751e8b465ee728b)
Start importing Assets/Sprites/Buildings/Pillar_05.png using Guid(43e739250d59b854b8a7322f16a97c6a) Importer(815301076,1909f56bfc062723c751e8b465ee728b)  -> (artifact id: '999969867208e0e30b1e2bcb4e7d0151') in 0.013209 seconds 
  Import took 0.017549 seconds .

========================================================================
Received Import Request.
  Time since last request: 0.639121 seconds.
  path: Assets/Sprites/Buildings/Pillar_06.png
  artifactKey: Guid(02ddca2ed9b62624da6b0a370e9c6843) Importer(815301076,1909f56bfc062723c751e8b465ee728b)
Start importing Assets/Sprites/Buildings/Pillar_06.png using Guid(02ddca2ed9b62624da6b0a370e9c6843) Importer(815301076,1909f56bfc062723c751e8b465ee728b)  -> (artifact id: '7be849dde80900df3b3bbc7cd9d6f4d9') in 0.012478 seconds 
  Import took 0.016799 seconds .

========================================================================
Received Import Request.
  Time since last request: 0.506717 seconds.
  path: Assets/Sprites/Buildings/Pillar_07.png
  artifactKey: Guid(a0609272f428d0f46a492fdeeafc5d45) Importer(815301076,1909f56bfc062723c751e8b465ee728b)
Start importing Assets/Sprites/Buildings/Pillar_07.png using Guid(a0609272f428d0f46a492fdeeafc5d45) Importer(815301076,1909f56bfc062723c751e8b465ee728b)  -> (artifact id: '274e6b0e70ebd598a560a2b064cefe86') in 0.013745 seconds 
  Import took 0.017242 seconds .

========================================================================
Received Import Request.
  Time since last request: 0.774956 seconds.
  path: Assets/Sprites/Buildings/Roof_A_01.png
  artifactKey: Guid(566993265d3e73a47a770fd050d28030) Importer(815301076,1909f56bfc062723c751e8b465ee728b)
Start importing Assets/Sprites/Buildings/Roof_A_01.png using Guid(566993265d3e73a47a770fd050d28030) Importer(815301076,1909f56bfc062723c751e8b465ee728b)  -> (artifact id: 'cfd42c80b29a4217b9b27029c766f321') in 0.013366 seconds 
  Import took 0.018056 seconds .

========================================================================
Received Import Request.
  Time since last request: 2.700492 seconds.
  path: Assets/Sprites/Buildings/Roof_B_02.png
  artifactKey: Guid(a487be0f592a734498965cfec96f86ab) Importer(815301076,1909f56bfc062723c751e8b465ee728b)
Start importing Assets/Sprites/Buildings/Roof_B_02.png using Guid(a487be0f592a734498965cfec96f86ab) Importer(815301076,1909f56bfc062723c751e8b465ee728b)  -> (artifact id: 'ac4f40c99764b53715085db764cf880a') in 0.013972 seconds 
  Import took 0.017725 seconds .

========================================================================
Received Import Request.
  Time since last request: 5.693061 seconds.
  path: Assets/Sprites/Buildings/Stone_Window_02.png
  artifactKey: Guid(57dbf6c28c20cd64c93128fc2825bc03) Importer(815301076,1909f56bfc062723c751e8b465ee728b)
Start importing Assets/Sprites/Buildings/Stone_Window_02.png using Guid(57dbf6c28c20cd64c93128fc2825bc03) Importer(815301076,1909f56bfc062723c751e8b465ee728b)  -> (artifact id: '4c575401a299bc3436cde0679de224be') in 0.016009 seconds 
  Import took 0.019654 seconds .

========================================================================
Received Import Request.
  Time since last request: 0.619705 seconds.
  path: Assets/Sprites/Buildings/Stone_Window_01.png
  artifactKey: Guid(01cfcfbe6760d074dbaf4c571337ce31) Importer(815301076,1909f56bfc062723c751e8b465ee728b)
Start importing Assets/Sprites/Buildings/Stone_Window_01.png using Guid(01cfcfbe6760d074dbaf4c571337ce31) Importer(815301076,1909f56bfc062723c751e8b465ee728b)  -> (artifact id: 'a18fabf869b97e5d2ccda77abf1a272d') in 0.014458 seconds 
  Import took 0.018254 seconds .

========================================================================
Received Import Request.
  Time since last request: 1.255229 seconds.
  path: Assets/Sprites/Buildings/Stone_Window_03.png
  artifactKey: Guid(747e746662b3b1643ae6bf092edfdd5f) Importer(815301076,1909f56bfc062723c751e8b465ee728b)
Start importing Assets/Sprites/Buildings/Stone_Window_03.png using Guid(747e746662b3b1643ae6bf092edfdd5f) Importer(815301076,1909f56bfc062723c751e8b465ee728b)  -> (artifact id: '3bc6a418b6e598f587f17a63a717ad52') in 0.013856 seconds 
  Import took 0.017408 seconds .

========================================================================
Received Import Request.
  Time since last request: 2.825744 seconds.
  path: Assets/Sprites/Buildings/Wall_B_03.png
  artifactKey: Guid(ec2a8705e9f26f44b9f0e627cc5aae64) Importer(815301076,1909f56bfc062723c751e8b465ee728b)
Start importing Assets/Sprites/Buildings/Wall_B_03.png using Guid(ec2a8705e9f26f44b9f0e627cc5aae64) Importer(815301076,1909f56bfc062723c751e8b465ee728b)  -> (artifact id: '0f59549239b1774979e78ea4ff3565cb') in 0.014115 seconds 
  Import took 0.017759 seconds .

========================================================================
Received Import Request.
  Time since last request: 0.678141 seconds.
  path: Assets/Sprites/Buildings/Wall_B_02.png
  artifactKey: Guid(45a8883ef6fb1b14ba670608079f48de) Importer(815301076,1909f56bfc062723c751e8b465ee728b)
Start importing Assets/Sprites/Buildings/Wall_B_02.png using Guid(45a8883ef6fb1b14ba670608079f48de) Importer(815301076,1909f56bfc062723c751e8b465ee728b)  -> (artifact id: '51142f77da90274d5cf3a30475ff9057') in 0.013701 seconds 
  Import took 0.017396 seconds .

========================================================================
Received Import Request.
  Time since last request: 1.222967 seconds.
  path: Assets/Sprites/Buildings/Wall_B_01.png
  artifactKey: Guid(e8db963d29614f8499919512e996a8c6) Importer(815301076,1909f56bfc062723c751e8b465ee728b)
Start importing Assets/Sprites/Buildings/Wall_B_01.png using Guid(e8db963d29614f8499919512e996a8c6) Importer(815301076,1909f56bfc062723c751e8b465ee728b)  -> (artifact id: 'd198139089f5b066b100e12c59b70a07') in 0.012755 seconds 
  Import took 0.016247 seconds .

========================================================================
Received Import Request.
  Time since last request: 1.873569 seconds.
  path: Assets/Sprites/Buildings/Wall_A_03.png
  artifactKey: Guid(a1b135ae43d642344823721a274faf19) Importer(815301076,1909f56bfc062723c751e8b465ee728b)
Start importing Assets/Sprites/Buildings/Wall_A_03.png using Guid(a1b135ae43d642344823721a274faf19) Importer(815301076,1909f56bfc062723c751e8b465ee728b)  -> (artifact id: 'c600fd8d8c3a6f123ae92fa43cb1e850') in 0.012974 seconds 
  Import took 0.016873 seconds .

========================================================================
Received Import Request.
  Time since last request: 1.650739 seconds.
  path: Assets/Sprites/Buildings/Wall_A_01.png
  artifactKey: Guid(70ccb082abde8b74a89e69ec9398a43b) Importer(815301076,1909f56bfc062723c751e8b465ee728b)
Start importing Assets/Sprites/Buildings/Wall_A_01.png using Guid(70ccb082abde8b74a89e69ec9398a43b) Importer(815301076,1909f56bfc062723c751e8b465ee728b)  -> (artifact id: '2782d34e232f91e22e7e7f1f87959fcf') in 0.013432 seconds 
  Import took 0.017328 seconds .

========================================================================
Received Import Request.
  Time since last request: 72.153254 seconds.
  path: Assets/Sprites/Buildings/Roof_B_04.png
  artifactKey: Guid(cb83dc0c3da7c4043807cfbddbd4a298) Importer(815301076,1909f56bfc062723c751e8b465ee728b)
Start importing Assets/Sprites/Buildings/Roof_B_04.png using Guid(cb83dc0c3da7c4043807cfbddbd4a298) Importer(815301076,1909f56bfc062723c751e8b465ee728b)  -> (artifact id: 'e413fb96279a288b52c51362ac3103f6') in 0.013812 seconds 
  Import took 0.017758 seconds .

========================================================================
Received Import Request.
  Time since last request: 12.684275 seconds.
  path: Assets/Sprites/Buildings/Roof_B_03.png
  artifactKey: Guid(68f3c07fc78705a4bb187594d974257d) Importer(815301076,1909f56bfc062723c751e8b465ee728b)
Start importing Assets/Sprites/Buildings/Roof_B_03.png using Guid(68f3c07fc78705a4bb187594d974257d) Importer(815301076,1909f56bfc062723c751e8b465ee728b)  -> (artifact id: 'c869e4eeed5cbcb7b0e81c4b72808b1f') in 0.014646 seconds 
  Import took 0.018553 seconds .

========================================================================
Received Import Request.
  Time since last request: 1.895425 seconds.
  path: Assets/Sprites/Buildings/Roof_A_04.png
  artifactKey: Guid(a545718f06ecb514c854c354d4336002) Importer(815301076,1909f56bfc062723c751e8b465ee728b)
Start importing Assets/Sprites/Buildings/Roof_A_04.png using Guid(a545718f06ecb514c854c354d4336002) Importer(815301076,1909f56bfc062723c751e8b465ee728b)  -> (artifact id: '52772e795fa1f4d8cd68cc8a91d047ca') in 0.014383 seconds 
  Import took 0.018103 seconds .

========================================================================
Received Import Request.
  Time since last request: 9.373467 seconds.
  path: Assets/Sprites/Buildings/Roof_A_05.png
  artifactKey: Guid(a1a9162d2d0775e4799f1fb0fcdf59c3) Importer(815301076,1909f56bfc062723c751e8b465ee728b)
Start importing Assets/Sprites/Buildings/Roof_A_05.png using Guid(a1a9162d2d0775e4799f1fb0fcdf59c3) Importer(815301076,1909f56bfc062723c751e8b465ee728b)  -> (artifact id: 'e94399e8d0aa61c9c98d1c814f251b49') in 0.016842 seconds 
  Import took 0.020185 seconds .

========================================================================
Received Import Request.
  Time since last request: 75.295463 seconds.
  path: Assets/Sprites/Buildings/Door_02.png
  artifactKey: Guid(7c2a5b02c5eb07f47940b6c27942849c) Importer(815301076,1909f56bfc062723c751e8b465ee728b)
Start importing Assets/Sprites/Buildings/Door_02.png using Guid(7c2a5b02c5eb07f47940b6c27942849c) Importer(815301076,1909f56bfc062723c751e8b465ee728b)  -> (artifact id: '7435e56e254189e658f49c5148790553') in 0.015005 seconds 
  Import took 0.019085 seconds .

========================================================================
Received Import Request.
  Time since last request: 63.481971 seconds.
  path: Assets/Sprites/Buildings/Roof_B_05.png
  artifactKey: Guid(a651890440db6d346aa84fb22e93dd60) Importer(815301076,1909f56bfc062723c751e8b465ee728b)
Start importing Assets/Sprites/Buildings/Roof_B_05.png using Guid(a651890440db6d346aa84fb22e93dd60) Importer(815301076,1909f56bfc062723c751e8b465ee728b)  -> (artifact id: '9d754587681bb99dfe2d676e2f6e0e41') in 0.015982 seconds 
  Import took 0.019725 seconds .

========================================================================
Received Import Request.
  Time since last request: 2.520889 seconds.
  path: Assets/Sprites/Buildings/Wall_C_02.png
  artifactKey: Guid(16b8d84112eca554681e0fe41554c7da) Importer(815301076,1909f56bfc062723c751e8b465ee728b)
Start importing Assets/Sprites/Buildings/Wall_C_02.png using Guid(16b8d84112eca554681e0fe41554c7da) Importer(815301076,1909f56bfc062723c751e8b465ee728b)  -> (artifact id: '46d706f4c8e0b09ad249161239950b3d') in 0.015688 seconds 
  Import took 0.019693 seconds .

========================================================================
Received Import Request.
  Time since last request: 15.847782 seconds.
  path: Assets/Sprites/Buildings/Pillar_01.png
  artifactKey: Guid(cdefed5b5a84a764db58004be4a0fc07) Importer(815301076,1909f56bfc062723c751e8b465ee728b)
Start importing Assets/Sprites/Buildings/Pillar_01.png using Guid(cdefed5b5a84a764db58004be4a0fc07) Importer(815301076,1909f56bfc062723c751e8b465ee728b)  -> (artifact id: '4b2efdbebbdc9d970820aa5df7f5970e') in 0.019856 seconds 
  Import took 0.024416 seconds .

========================================================================
Received Import Request.
  Time since last request: 6.912979 seconds.
  path: Assets/Sprites/Buildings/Pillar_03.png
  artifactKey: Guid(ba85c1f3c60f51a4191166b6c6f60f50) Importer(815301076,1909f56bfc062723c751e8b465ee728b)
Start importing Assets/Sprites/Buildings/Pillar_03.png using Guid(ba85c1f3c60f51a4191166b6c6f60f50) Importer(815301076,1909f56bfc062723c751e8b465ee728b)  -> (artifact id: '93f29e8be603cd70b3b65d77507c0e78') in 0.014799 seconds 
  Import took 0.018266 seconds .

========================================================================
Received Import Request.
  Time since last request: 2.333198 seconds.
  path: Assets/Sprites/Buildings/Ladder_02.png
  artifactKey: Guid(3294f1c379a6d764aa91e3e923f40690) Importer(815301076,1909f56bfc062723c751e8b465ee728b)
Start importing Assets/Sprites/Buildings/Ladder_02.png using Guid(3294f1c379a6d764aa91e3e923f40690) Importer(815301076,1909f56bfc062723c751e8b465ee728b)  -> (artifact id: 'ee92c9788570cf6afa7884c1d0fc20e0') in 0.015102 seconds 
  Import took 0.019439 seconds .

========================================================================
Received Import Request.
  Time since last request: 0.588015 seconds.
  path: Assets/Sprites/Buildings/Ladder_01.png
  artifactKey: Guid(8aa23cf94cb2797448810da265dc74bf) Importer(815301076,1909f56bfc062723c751e8b465ee728b)
Start importing Assets/Sprites/Buildings/Ladder_01.png using Guid(8aa23cf94cb2797448810da265dc74bf) Importer(815301076,1909f56bfc062723c751e8b465ee728b)  -> (artifact id: '755d48719728b93d8c1da6b06ff395cf') in 0.014296 seconds 
  Import took 0.018354 seconds .

========================================================================
Received Import Request.
  Time since last request: 1.380226 seconds.
  path: Assets/Sprites/Buildings/Door_03.png
  artifactKey: Guid(990f07f710ef2b94a92d709cc16407cb) Importer(815301076,1909f56bfc062723c751e8b465ee728b)
Start importing Assets/Sprites/Buildings/Door_03.png using Guid(990f07f710ef2b94a92d709cc16407cb) Importer(815301076,1909f56bfc062723c751e8b465ee728b)  -> (artifact id: 'b8d3ac0b7c6b4526e2a626d0a81a9dfb') in 0.014381 seconds 
  Import took 0.018160 seconds .

========================================================================
Received Import Request.
  Time since last request: 2.363444 seconds.
  path: Assets/Sprites/Buildings/Roof_B_01.png
  artifactKey: Guid(c0fb34ae5b2ccb24b8f82a5f54999b53) Importer(815301076,1909f56bfc062723c751e8b465ee728b)
Start importing Assets/Sprites/Buildings/Roof_B_01.png using Guid(c0fb34ae5b2ccb24b8f82a5f54999b53) Importer(815301076,1909f56bfc062723c751e8b465ee728b)  -> (artifact id: '149f0d2d66d18d1f29fe7b17f70d5e95') in 0.015494 seconds 
  Import took 0.019668 seconds .

========================================================================
Received Import Request.
  Time since last request: 190.479697 seconds.
  path: Assets/Prefabs/House1.prefab
  artifactKey: Guid(4452f89dcbebe644a9565f19d8145435) Importer(815301076,1909f56bfc062723c751e8b465ee728b)
Start importing Assets/Prefabs/House1.prefab using Guid(4452f89dcbebe644a9565f19d8145435) Importer(815301076,1909f56bfc062723c751e8b465ee728b)  -> (artifact id: '93d3d62ae358260b81f30f2757466680') in 0.055819 seconds 
  Import took 0.060475 seconds .

========================================================================
Received Prepare
Registering precompiled user dll's ...
Registered in 0.007749 seconds.
Begin MonoManager ReloadAssembly
Native extension for WindowsStandalone target not found
Refreshing native plugins compatible for Editor in 0.51 ms, found 3 plugins.
Preloading 0 native plugins for Editor in 0.00 ms.
Mono: successfully reloaded assembly
- Completed reload, in  1.371 seconds
Domain Reload Profiling:
	ReloadAssembly (1371ms)
		BeginReloadAssembly (143ms)
			ExecutionOrderSort (0ms)
			DisableScriptedObjects (7ms)
			BackupInstance (0ms)
			ReleaseScriptingObjects (0ms)
			CreateAndSetChildDomain (42ms)
		EndReloadAssembly (1142ms)
			LoadAssemblies (143ms)
			RebuildTransferFunctionScriptingTraits (0ms)
			SetupTypeCache (409ms)
			ReleaseScriptCaches (1ms)
			RebuildScriptCaches (55ms)
			SetupLoadedEditorAssemblies (403ms)
				LogAssemblyErrors (0ms)
				InitializePlatformSupportModulesInManaged (7ms)
				SetLoadedEditorAssemblies (1ms)
				RefreshPlugins (1ms)
				BeforeProcessingInitializeOnLoad (104ms)
				ProcessInitializeOnLoadAttributes (266ms)
				ProcessInitializeOnLoadMethodAttributes (14ms)
				AfterProcessingInitializeOnLoad (12ms)
				EditorAssembliesLoaded (0ms)
			ExecutionOrderSort2 (0ms)
			AwakeInstancesAfterBackupRestoration (11ms)
Platform modules already initialized, skipping
Refreshing native plugins compatible for Editor in 0.54 ms, found 3 plugins.
Preloading 0 native plugins for Editor in 0.00 ms.
Unloading 2182 Unused Serialized files (Serialized files now loaded: 0)
System memory in use before: 99.2 MB.
System memory in use after: 99.3 MB.

Unloading 17 unused Assets to reduce memory usage. Loaded Objects now: 2668.
Total: 4.006400 ms (FindLiveObjects: 0.210300 ms CreateObjectMapping: 0.103500 ms MarkObjects: 3.666800 ms  DeleteObjects: 0.023700 ms)

AssetImportParameters requested are different than current active one (requested -> active):
  custom:framework-win-MediaFoundation: 216162199b28c13a410421893ffa2e32 -> 
  custom:video-decoder-ogg-theora: a1e56fd34408186e4bbccfd4996cb3dc -> 
  custom:container-muxer-webm: aa71ff27fc2769a1b78a27578f13a17b -> 
  custom:container-demuxer-webm: 4f35f7cbe854078d1ac9338744f61a02 -> 
  custom:container-demuxer-ogg: 62fdf1f143b41e24485cea50d1cbac27 -> 
  custom:video-encoder-webm-vp8: eb34c28f22e8b96e1ab97ce403110664 -> 
  custom:video-codec-MediaFoundation-h265: 746d11721c4dcdbdad8f713fa42b33f4 -> 
  custom:video-decoder-webm-vp8: 9c59270c3fd7afecdb556c50c9e8de78 -> 
  custom:audio-decoder-ogg-vorbis: bf7c407c2cedff20999df2af8eb42d56 -> 
  custom:audio-encoder-webm-vorbis: bf7c407c2cedff20999df2af8eb42d56 -> 
========================================================================
Received Prepare
Registering precompiled user dll's ...
Registered in 0.016624 seconds.
Begin MonoManager ReloadAssembly
Native extension for WindowsStandalone target not found
Refreshing native plugins compatible for Editor in 0.50 ms, found 3 plugins.
Preloading 0 native plugins for Editor in 0.00 ms.
Mono: successfully reloaded assembly
- Completed reload, in  1.412 seconds
Domain Reload Profiling:
	ReloadAssembly (1412ms)
		BeginReloadAssembly (203ms)
			ExecutionOrderSort (0ms)
			DisableScriptedObjects (26ms)
			BackupInstance (0ms)
			ReleaseScriptingObjects (0ms)
			CreateAndSetChildDomain (74ms)
		EndReloadAssembly (1078ms)
			LoadAssemblies (152ms)
			RebuildTransferFunctionScriptingTraits (0ms)
			SetupTypeCache (388ms)
			ReleaseScriptCaches (1ms)
			RebuildScriptCaches (52ms)
			SetupLoadedEditorAssemblies (378ms)
				LogAssemblyErrors (0ms)
				InitializePlatformSupportModulesInManaged (6ms)
				SetLoadedEditorAssemblies (0ms)
				RefreshPlugins (1ms)
				BeforeProcessingInitializeOnLoad (91ms)
				ProcessInitializeOnLoadAttributes (254ms)
				ProcessInitializeOnLoadMethodAttributes (14ms)
				AfterProcessingInitializeOnLoad (11ms)
				EditorAssembliesLoaded (0ms)
			ExecutionOrderSort2 (0ms)
			AwakeInstancesAfterBackupRestoration (11ms)
Platform modules already initialized, skipping
Refreshing native plugins compatible for Editor in 0.52 ms, found 3 plugins.
Preloading 0 native plugins for Editor in 0.00 ms.
Unloading 2182 Unused Serialized files (Serialized files now loaded: 0)
System memory in use before: 99.3 MB.
System memory in use after: 99.4 MB.

Unloading 17 unused Assets to reduce memory usage. Loaded Objects now: 2670.
Total: 9.262700 ms (FindLiveObjects: 0.199200 ms CreateObjectMapping: 0.200200 ms MarkObjects: 8.834900 ms  DeleteObjects: 0.026800 ms)

AssetImportParameters requested are different than current active one (requested -> active):
  custom:framework-win-MediaFoundation: 216162199b28c13a410421893ffa2e32 -> 
  custom:video-decoder-ogg-theora: a1e56fd34408186e4bbccfd4996cb3dc -> 
  custom:container-muxer-webm: aa71ff27fc2769a1b78a27578f13a17b -> 
  custom:container-demuxer-webm: 4f35f7cbe854078d1ac9338744f61a02 -> 
  custom:container-demuxer-ogg: 62fdf1f143b41e24485cea50d1cbac27 -> 
  custom:video-encoder-webm-vp8: eb34c28f22e8b96e1ab97ce403110664 -> 
  custom:video-codec-MediaFoundation-h265: 746d11721c4dcdbdad8f713fa42b33f4 -> 
  custom:video-decoder-webm-vp8: 9c59270c3fd7afecdb556c50c9e8de78 -> 
  custom:audio-decoder-ogg-vorbis: bf7c407c2cedff20999df2af8eb42d56 -> 
  custom:audio-encoder-webm-vorbis: bf7c407c2cedff20999df2af8eb42d56 -> 
========================================================================
Received Prepare
Registering precompiled user dll's ...
Registered in 0.006642 seconds.
Begin MonoManager ReloadAssembly
Native extension for WindowsStandalone target not found
Refreshing native plugins compatible for Editor in 0.97 ms, found 3 plugins.
Preloading 0 native plugins for Editor in 0.00 ms.
Mono: successfully reloaded assembly
- Completed reload, in  1.380 seconds
Domain Reload Profiling:
	ReloadAssembly (1381ms)
		BeginReloadAssembly (135ms)
			ExecutionOrderSort (0ms)
			DisableScriptedObjects (7ms)
			BackupInstance (0ms)
			ReleaseScriptingObjects (0ms)
			CreateAndSetChildDomain (39ms)
		EndReloadAssembly (1163ms)
			LoadAssemblies (138ms)
			RebuildTransferFunctionScriptingTraits (0ms)
			SetupTypeCache (397ms)
			ReleaseScriptCaches (2ms)
			RebuildScriptCaches (52ms)
			SetupLoadedEditorAssemblies (446ms)
				LogAssemblyErrors (0ms)
				InitializePlatformSupportModulesInManaged (6ms)
				SetLoadedEditorAssemblies (1ms)
				RefreshPlugins (1ms)
				BeforeProcessingInitializeOnLoad (120ms)
				ProcessInitializeOnLoadAttributes (290ms)
				ProcessInitializeOnLoadMethodAttributes (15ms)
				AfterProcessingInitializeOnLoad (13ms)
				EditorAssembliesLoaded (0ms)
			ExecutionOrderSort2 (0ms)
			AwakeInstancesAfterBackupRestoration (11ms)
Platform modules already initialized, skipping
Refreshing native plugins compatible for Editor in 0.78 ms, found 3 plugins.
Preloading 0 native plugins for Editor in 0.00 ms.
Unloading 2182 Unused Serialized files (Serialized files now loaded: 0)
System memory in use before: 99.3 MB.
System memory in use after: 99.4 MB.

Unloading 17 unused Assets to reduce memory usage. Loaded Objects now: 2672.
Total: 4.234500 ms (FindLiveObjects: 0.205100 ms CreateObjectMapping: 0.100500 ms MarkObjects: 3.908500 ms  DeleteObjects: 0.019400 ms)

AssetImportParameters requested are different than current active one (requested -> active):
  custom:framework-win-MediaFoundation: 216162199b28c13a410421893ffa2e32 -> 
  custom:video-decoder-ogg-theora: a1e56fd34408186e4bbccfd4996cb3dc -> 
  custom:container-muxer-webm: aa71ff27fc2769a1b78a27578f13a17b -> 
  custom:container-demuxer-webm: 4f35f7cbe854078d1ac9338744f61a02 -> 
  custom:container-demuxer-ogg: 62fdf1f143b41e24485cea50d1cbac27 -> 
  custom:video-encoder-webm-vp8: eb34c28f22e8b96e1ab97ce403110664 -> 
  custom:video-codec-MediaFoundation-h265: 746d11721c4dcdbdad8f713fa42b33f4 -> 
  custom:video-decoder-webm-vp8: 9c59270c3fd7afecdb556c50c9e8de78 -> 
  custom:audio-decoder-ogg-vorbis: bf7c407c2cedff20999df2af8eb42d56 -> 
  custom:audio-encoder-webm-vorbis: bf7c407c2cedff20999df2af8eb42d56 -> 
========================================================================
Received Prepare
Registering precompiled user dll's ...
Registered in 0.010482 seconds.
Begin MonoManager ReloadAssembly
Native extension for WindowsStandalone target not found
Refreshing native plugins compatible for Editor in 0.64 ms, found 3 plugins.
Preloading 0 native plugins for Editor in 0.00 ms.
Mono: successfully reloaded assembly
- Completed reload, in  1.656 seconds
Domain Reload Profiling:
	ReloadAssembly (1656ms)
		BeginReloadAssembly (225ms)
			ExecutionOrderSort (0ms)
			DisableScriptedObjects (24ms)
			BackupInstance (0ms)
			ReleaseScriptingObjects (0ms)
			CreateAndSetChildDomain (66ms)
		EndReloadAssembly (1311ms)
			LoadAssemblies (198ms)
			RebuildTransferFunctionScriptingTraits (0ms)
			SetupTypeCache (528ms)
			ReleaseScriptCaches (2ms)
			RebuildScriptCaches (72ms)
			SetupLoadedEditorAssemblies (379ms)
				LogAssemblyErrors (0ms)
				InitializePlatformSupportModulesInManaged (10ms)
				SetLoadedEditorAssemblies (1ms)
				RefreshPlugins (1ms)
				BeforeProcessingInitializeOnLoad (121ms)
				ProcessInitializeOnLoadAttributes (224ms)
				ProcessInitializeOnLoadMethodAttributes (12ms)
				AfterProcessingInitializeOnLoad (11ms)
				EditorAssembliesLoaded (0ms)
			ExecutionOrderSort2 (0ms)
			AwakeInstancesAfterBackupRestoration (9ms)
Platform modules already initialized, skipping
Refreshing native plugins compatible for Editor in 0.64 ms, found 3 plugins.
Preloading 0 native plugins for Editor in 0.00 ms.
Unloading 2182 Unused Serialized files (Serialized files now loaded: 0)
System memory in use before: 99.3 MB.
System memory in use after: 99.4 MB.

Unloading 17 unused Assets to reduce memory usage. Loaded Objects now: 2674.
Total: 5.415500 ms (FindLiveObjects: 0.349900 ms CreateObjectMapping: 0.880100 ms MarkObjects: 4.161800 ms  DeleteObjects: 0.022000 ms)

AssetImportParameters requested are different than current active one (requested -> active):
  custom:framework-win-MediaFoundation: 216162199b28c13a410421893ffa2e32 -> 
  custom:video-decoder-ogg-theora: a1e56fd34408186e4bbccfd4996cb3dc -> 
  custom:container-muxer-webm: aa71ff27fc2769a1b78a27578f13a17b -> 
  custom:container-demuxer-webm: 4f35f7cbe854078d1ac9338744f61a02 -> 
  custom:container-demuxer-ogg: 62fdf1f143b41e24485cea50d1cbac27 -> 
  custom:video-encoder-webm-vp8: eb34c28f22e8b96e1ab97ce403110664 -> 
  custom:video-codec-MediaFoundation-h265: 746d11721c4dcdbdad8f713fa42b33f4 -> 
  custom:video-decoder-webm-vp8: 9c59270c3fd7afecdb556c50c9e8de78 -> 
  custom:audio-decoder-ogg-vorbis: bf7c407c2cedff20999df2af8eb42d56 -> 
  custom:audio-encoder-webm-vorbis: bf7c407c2cedff20999df2af8eb42d56 -> 
========================================================================
Received Prepare
Registering precompiled user dll's ...
Registered in 0.006635 seconds.
Begin MonoManager ReloadAssembly
Native extension for WindowsStandalone target not found
Refreshing native plugins compatible for Editor in 0.51 ms, found 3 plugins.
Preloading 0 native plugins for Editor in 0.00 ms.
Mono: successfully reloaded assembly
- Completed reload, in  1.423 seconds
Domain Reload Profiling:
	ReloadAssembly (1423ms)
		BeginReloadAssembly (155ms)
			ExecutionOrderSort (0ms)
			DisableScriptedObjects (8ms)
			BackupInstance (0ms)
			ReleaseScriptingObjects (0ms)
			CreateAndSetChildDomain (48ms)
		EndReloadAssembly (1178ms)
			LoadAssemblies (154ms)
			RebuildTransferFunctionScriptingTraits (0ms)
			SetupTypeCache (396ms)
			ReleaseScriptCaches (1ms)
			RebuildScriptCaches (52ms)
			SetupLoadedEditorAssemblies (458ms)
				LogAssemblyErrors (0ms)
				InitializePlatformSupportModulesInManaged (7ms)
				SetLoadedEditorAssemblies (0ms)
				RefreshPlugins (1ms)
				BeforeProcessingInitializeOnLoad (114ms)
				ProcessInitializeOnLoadAttributes (306ms)
				ProcessInitializeOnLoadMethodAttributes (16ms)
				AfterProcessingInitializeOnLoad (14ms)
				EditorAssembliesLoaded (0ms)
			ExecutionOrderSort2 (0ms)
			AwakeInstancesAfterBackupRestoration (12ms)
Platform modules already initialized, skipping
Refreshing native plugins compatible for Editor in 0.65 ms, found 3 plugins.
Preloading 0 native plugins for Editor in 0.00 ms.
Unloading 2182 Unused Serialized files (Serialized files now loaded: 0)
System memory in use before: 99.3 MB.
System memory in use after: 99.4 MB.

Unloading 17 unused Assets to reduce memory usage. Loaded Objects now: 2676.
Total: 3.470100 ms (FindLiveObjects: 0.287100 ms CreateObjectMapping: 0.117500 ms MarkObjects: 3.043900 ms  DeleteObjects: 0.020500 ms)

AssetImportParameters requested are different than current active one (requested -> active):
  custom:framework-win-MediaFoundation: 216162199b28c13a410421893ffa2e32 -> 
  custom:video-decoder-ogg-theora: a1e56fd34408186e4bbccfd4996cb3dc -> 
  custom:container-muxer-webm: aa71ff27fc2769a1b78a27578f13a17b -> 
  custom:container-demuxer-webm: 4f35f7cbe854078d1ac9338744f61a02 -> 
  custom:container-demuxer-ogg: 62fdf1f143b41e24485cea50d1cbac27 -> 
  custom:video-encoder-webm-vp8: eb34c28f22e8b96e1ab97ce403110664 -> 
  custom:video-codec-MediaFoundation-h265: 746d11721c4dcdbdad8f713fa42b33f4 -> 
  custom:video-decoder-webm-vp8: 9c59270c3fd7afecdb556c50c9e8de78 -> 
  custom:audio-decoder-ogg-vorbis: bf7c407c2cedff20999df2af8eb42d56 -> 
  custom:audio-encoder-webm-vorbis: bf7c407c2cedff20999df2af8eb42d56 -> 
========================================================================
Received Import Request.
  Time since last request: 206.075686 seconds.
  path: Assets/Prefabs/House1.prefab
  artifactKey: Guid(4452f89dcbebe644a9565f19d8145435) Importer(815301076,1909f56bfc062723c751e8b465ee728b)
Start importing Assets/Prefabs/House1.prefab using Guid(4452f89dcbebe644a9565f19d8145435) Importer(815301076,1909f56bfc062723c751e8b465ee728b)  -> (artifact id: 'c4da89eda3ab3d775935ded2778b490c') in 0.080701 seconds 
  Import took 0.084883 seconds .

========================================================================
Received Prepare
Registering precompiled user dll's ...
Registered in 0.008154 seconds.
Begin MonoManager ReloadAssembly
Native extension for WindowsStandalone target not found
Refreshing native plugins compatible for Editor in 0.60 ms, found 3 plugins.
Preloading 0 native plugins for Editor in 0.00 ms.
Mono: successfully reloaded assembly
- Completed reload, in  1.553 seconds
Domain Reload Profiling:
	ReloadAssembly (1554ms)
		BeginReloadAssembly (165ms)
			ExecutionOrderSort (0ms)
			DisableScriptedObjects (8ms)
			BackupInstance (0ms)
			ReleaseScriptingObjects (0ms)
			CreateAndSetChildDomain (50ms)
		EndReloadAssembly (1226ms)
			LoadAssemblies (167ms)
			RebuildTransferFunctionScriptingTraits (0ms)
			SetupTypeCache (416ms)
			ReleaseScriptCaches (1ms)
			RebuildScriptCaches (55ms)
			SetupLoadedEditorAssemblies (464ms)
				LogAssemblyErrors (0ms)
				InitializePlatformSupportModulesInManaged (6ms)
				SetLoadedEditorAssemblies (1ms)
				RefreshPlugins (1ms)
				BeforeProcessingInitializeOnLoad (110ms)
				ProcessInitializeOnLoadAttributes (308ms)
				ProcessInitializeOnLoadMethodAttributes (15ms)
				AfterProcessingInitializeOnLoad (23ms)
				EditorAssembliesLoaded (0ms)
			ExecutionOrderSort2 (0ms)
			AwakeInstancesAfterBackupRestoration (13ms)
Platform modules already initialized, skipping
Refreshing native plugins compatible for Editor in 0.58 ms, found 3 plugins.
Preloading 0 native plugins for Editor in 0.00 ms.
Unloading 2182 Unused Serialized files (Serialized files now loaded: 0)
System memory in use before: 99.3 MB.
System memory in use after: 99.4 MB.

Unloading 17 unused Assets to reduce memory usage. Loaded Objects now: 2679.
Total: 4.244400 ms (FindLiveObjects: 0.191800 ms CreateObjectMapping: 0.085800 ms MarkObjects: 3.942700 ms  DeleteObjects: 0.022200 ms)

AssetImportParameters requested are different than current active one (requested -> active):
  custom:framework-win-MediaFoundation: 216162199b28c13a410421893ffa2e32 -> 
  custom:video-decoder-ogg-theora: a1e56fd34408186e4bbccfd4996cb3dc -> 
  custom:container-muxer-webm: aa71ff27fc2769a1b78a27578f13a17b -> 
  custom:container-demuxer-webm: 4f35f7cbe854078d1ac9338744f61a02 -> 
  custom:container-demuxer-ogg: 62fdf1f143b41e24485cea50d1cbac27 -> 
  custom:video-encoder-webm-vp8: eb34c28f22e8b96e1ab97ce403110664 -> 
  custom:video-codec-MediaFoundation-h265: 746d11721c4dcdbdad8f713fa42b33f4 -> 
  custom:video-decoder-webm-vp8: 9c59270c3fd7afecdb556c50c9e8de78 -> 
  custom:audio-decoder-ogg-vorbis: bf7c407c2cedff20999df2af8eb42d56 -> 
  custom:audio-encoder-webm-vorbis: bf7c407c2cedff20999df2af8eb42d56 -> 
========================================================================
Received Prepare
Registering precompiled user dll's ...
Registered in 0.008674 seconds.
Begin MonoManager ReloadAssembly
Native extension for WindowsStandalone target not found
Refreshing native plugins compatible for Editor in 0.53 ms, found 3 plugins.
Preloading 0 native plugins for Editor in 0.00 ms.
Mono: successfully reloaded assembly
- Completed reload, in  1.560 seconds
Domain Reload Profiling:
	ReloadAssembly (1562ms)
		BeginReloadAssembly (157ms)
			ExecutionOrderSort (0ms)
			DisableScriptedObjects (8ms)
			BackupInstance (0ms)
			ReleaseScriptingObjects (0ms)
			CreateAndSetChildDomain (45ms)
		EndReloadAssembly (1308ms)
			LoadAssemblies (168ms)
			RebuildTransferFunctionScriptingTraits (0ms)
			SetupTypeCache (466ms)
			ReleaseScriptCaches (1ms)
			RebuildScriptCaches (54ms)
			SetupLoadedEditorAssemblies (489ms)
				LogAssemblyErrors (0ms)
				InitializePlatformSupportModulesInManaged (7ms)
				SetLoadedEditorAssemblies (1ms)
				RefreshPlugins (1ms)
				BeforeProcessingInitializeOnLoad (120ms)
				ProcessInitializeOnLoadAttributes (332ms)
				ProcessInitializeOnLoadMethodAttributes (15ms)
				AfterProcessingInitializeOnLoad (14ms)
				EditorAssembliesLoaded (0ms)
			ExecutionOrderSort2 (0ms)
			AwakeInstancesAfterBackupRestoration (18ms)
Platform modules already initialized, skipping
Refreshing native plugins compatible for Editor in 0.55 ms, found 3 plugins.
Preloading 0 native plugins for Editor in 0.00 ms.
Unloading 2182 Unused Serialized files (Serialized files now loaded: 0)
System memory in use before: 99.3 MB.
System memory in use after: 99.4 MB.

Unloading 17 unused Assets to reduce memory usage. Loaded Objects now: 2681.
Total: 3.929600 ms (FindLiveObjects: 0.229800 ms CreateObjectMapping: 0.113300 ms MarkObjects: 3.564000 ms  DeleteObjects: 0.021100 ms)

AssetImportParameters requested are different than current active one (requested -> active):
  custom:framework-win-MediaFoundation: 216162199b28c13a410421893ffa2e32 -> 
  custom:video-decoder-ogg-theora: a1e56fd34408186e4bbccfd4996cb3dc -> 
  custom:container-muxer-webm: aa71ff27fc2769a1b78a27578f13a17b -> 
  custom:container-demuxer-webm: 4f35f7cbe854078d1ac9338744f61a02 -> 
  custom:container-demuxer-ogg: 62fdf1f143b41e24485cea50d1cbac27 -> 
  custom:video-encoder-webm-vp8: eb34c28f22e8b96e1ab97ce403110664 -> 
  custom:video-codec-MediaFoundation-h265: 746d11721c4dcdbdad8f713fa42b33f4 -> 
  custom:video-decoder-webm-vp8: 9c59270c3fd7afecdb556c50c9e8de78 -> 
  custom:audio-decoder-ogg-vorbis: bf7c407c2cedff20999df2af8eb42d56 -> 
  custom:audio-encoder-webm-vorbis: bf7c407c2cedff20999df2af8eb42d56 -> 
========================================================================
Received Import Request.
  Time since last request: 64.670367 seconds.
  path: Assets/Sprites/Buildings/Door_01.png
  artifactKey: Guid(fc167bdcdb28d964e975fab678f1c878) Importer(815301076,1909f56bfc062723c751e8b465ee728b)
Start importing Assets/Sprites/Buildings/Door_01.png using Guid(fc167bdcdb28d964e975fab678f1c878) Importer(815301076,1909f56bfc062723c751e8b465ee728b)  -> (artifact id: '3a5ecf0f7b792aaaaa303db8a500518d') in 0.062303 seconds 
  Import took 0.065788 seconds .

========================================================================
Received Import Request.
  Time since last request: 0.939495 seconds.
  path: Assets/Sprites/Buildings/Decor_Window_03.png
  artifactKey: Guid(b0aaad7fb5e6dfc44855b2e10accea8b) Importer(815301076,1909f56bfc062723c751e8b465ee728b)
Start importing Assets/Sprites/Buildings/Decor_Window_03.png using Guid(b0aaad7fb5e6dfc44855b2e10accea8b) Importer(815301076,1909f56bfc062723c751e8b465ee728b)  -> (artifact id: '2f3fcc1bfed82c4a073f4898d38314bc') in 0.015600 seconds 
  Import took 0.019746 seconds .

========================================================================
Received Import Request.
  Time since last request: 1.344267 seconds.
  path: Assets/Sprites/Buildings/Decor_Window_02.png
  artifactKey: Guid(2d9b1f59442abbd499a2b931b584a104) Importer(815301076,1909f56bfc062723c751e8b465ee728b)
Start importing Assets/Sprites/Buildings/Decor_Window_02.png using Guid(2d9b1f59442abbd499a2b931b584a104) Importer(815301076,1909f56bfc062723c751e8b465ee728b)  -> (artifact id: '59be4f8749d1404b883bdafdf4ba24be') in 0.015121 seconds 
  Import took 0.018866 seconds .

========================================================================
Received Import Request.
  Time since last request: 0.980218 seconds.
  path: Assets/Sprites/Buildings/Decor_Window_04.png
  artifactKey: Guid(67124995152998e45afd9895b19c5d73) Importer(815301076,1909f56bfc062723c751e8b465ee728b)
Start importing Assets/Sprites/Buildings/Decor_Window_04.png using Guid(67124995152998e45afd9895b19c5d73) Importer(815301076,1909f56bfc062723c751e8b465ee728b)  -> (artifact id: '2350ed632cd5aabb6cb9b90afebb1f78') in 0.015325 seconds 
  Import took 0.019298 seconds .

========================================================================
Received Prepare
Registering precompiled user dll's ...
Registered in 0.010171 seconds.
Begin MonoManager ReloadAssembly
Native extension for WindowsStandalone target not found
Refreshing native plugins compatible for Editor in 0.50 ms, found 3 plugins.
Preloading 0 native plugins for Editor in 0.00 ms.
Mono: successfully reloaded assembly
- Completed reload, in  1.284 seconds
Domain Reload Profiling:
	ReloadAssembly (1285ms)
		BeginReloadAssembly (137ms)
			ExecutionOrderSort (0ms)
			DisableScriptedObjects (7ms)
			BackupInstance (0ms)
			ReleaseScriptingObjects (0ms)
			CreateAndSetChildDomain (42ms)
		EndReloadAssembly (1052ms)
			LoadAssemblies (149ms)
			RebuildTransferFunctionScriptingTraits (0ms)
			SetupTypeCache (368ms)
			ReleaseScriptCaches (1ms)
			RebuildScriptCaches (50ms)
			SetupLoadedEditorAssemblies (364ms)
				LogAssemblyErrors (0ms)
				InitializePlatformSupportModulesInManaged (6ms)
				SetLoadedEditorAssemblies (1ms)
				RefreshPlugins (1ms)
				BeforeProcessingInitializeOnLoad (91ms)
				ProcessInitializeOnLoadAttributes (242ms)
				ProcessInitializeOnLoadMethodAttributes (13ms)
				AfterProcessingInitializeOnLoad (12ms)
				EditorAssembliesLoaded (0ms)
			ExecutionOrderSort2 (0ms)
			AwakeInstancesAfterBackupRestoration (10ms)
Platform modules already initialized, skipping
Refreshing native plugins compatible for Editor in 0.59 ms, found 3 plugins.
Preloading 0 native plugins for Editor in 0.00 ms.
Unloading 2182 Unused Serialized files (Serialized files now loaded: 0)
System memory in use before: 99.3 MB.
System memory in use after: 99.5 MB.

Unloading 17 unused Assets to reduce memory usage. Loaded Objects now: 2684.
Total: 3.360000 ms (FindLiveObjects: 0.218200 ms CreateObjectMapping: 0.085800 ms MarkObjects: 3.035000 ms  DeleteObjects: 0.020000 ms)

AssetImportParameters requested are different than current active one (requested -> active):
  custom:framework-win-MediaFoundation: 216162199b28c13a410421893ffa2e32 -> 
  custom:video-decoder-ogg-theora: a1e56fd34408186e4bbccfd4996cb3dc -> 
  custom:container-muxer-webm: aa71ff27fc2769a1b78a27578f13a17b -> 
  custom:container-demuxer-webm: 4f35f7cbe854078d1ac9338744f61a02 -> 
  custom:container-demuxer-ogg: 62fdf1f143b41e24485cea50d1cbac27 -> 
  custom:video-encoder-webm-vp8: eb34c28f22e8b96e1ab97ce403110664 -> 
  custom:video-codec-MediaFoundation-h265: 746d11721c4dcdbdad8f713fa42b33f4 -> 
  custom:video-decoder-webm-vp8: 9c59270c3fd7afecdb556c50c9e8de78 -> 
  custom:audio-decoder-ogg-vorbis: bf7c407c2cedff20999df2af8eb42d56 -> 
  custom:audio-encoder-webm-vorbis: bf7c407c2cedff20999df2af8eb42d56 -> 
========================================================================
Received Import Request.
  Time since last request: 88.992208 seconds.
  path: Assets/Prefabs/PF Village Props - Banner.prefab
  artifactKey: Guid(1e6e65d64c97bc44e9e21f9c8607a2d2) Importer(815301076,1909f56bfc062723c751e8b465ee728b)
Start importing Assets/Prefabs/PF Village Props - Banner.prefab using Guid(1e6e65d64c97bc44e9e21f9c8607a2d2) Importer(815301076,1909f56bfc062723c751e8b465ee728b)  -> (artifact id: '5db26e8d50c88762d4c92c35b186a459') in 0.094616 seconds 
  Import took 0.099353 seconds .

========================================================================
Received Prepare
Registering precompiled user dll's ...
Registered in 0.006759 seconds.
Begin MonoManager ReloadAssembly
Native extension for WindowsStandalone target not found
Refreshing native plugins compatible for Editor in 0.61 ms, found 3 plugins.
Preloading 0 native plugins for Editor in 0.00 ms.
Mono: successfully reloaded assembly
- Completed reload, in  1.253 seconds
Domain Reload Profiling:
	ReloadAssembly (1253ms)
		BeginReloadAssembly (129ms)
			ExecutionOrderSort (0ms)
			DisableScriptedObjects (7ms)
			BackupInstance (0ms)
			ReleaseScriptingObjects (0ms)
			CreateAndSetChildDomain (39ms)
		EndReloadAssembly (1048ms)
			LoadAssemblies (131ms)
			RebuildTransferFunctionScriptingTraits (0ms)
			SetupTypeCache (373ms)
			ReleaseScriptCaches (1ms)
			RebuildScriptCaches (54ms)
			SetupLoadedEditorAssemblies (365ms)
				LogAssemblyErrors (0ms)
				InitializePlatformSupportModulesInManaged (6ms)
				SetLoadedEditorAssemblies (1ms)
				RefreshPlugins (1ms)
				BeforeProcessingInitializeOnLoad (102ms)
				ProcessInitializeOnLoadAttributes (232ms)
				ProcessInitializeOnLoadMethodAttributes (12ms)
				AfterProcessingInitializeOnLoad (11ms)
				EditorAssembliesLoaded (0ms)
			ExecutionOrderSort2 (0ms)
			AwakeInstancesAfterBackupRestoration (10ms)
Platform modules already initialized, skipping
Refreshing native plugins compatible for Editor in 0.99 ms, found 3 plugins.
Preloading 0 native plugins for Editor in 0.00 ms.
Unloading 2182 Unused Serialized files (Serialized files now loaded: 0)
System memory in use before: 99.3 MB.
System memory in use after: 99.5 MB.

Unloading 17 unused Assets to reduce memory usage. Loaded Objects now: 2687.
Total: 3.546000 ms (FindLiveObjects: 0.239700 ms CreateObjectMapping: 0.133100 ms MarkObjects: 3.115300 ms  DeleteObjects: 0.057000 ms)

AssetImportParameters requested are different than current active one (requested -> active):
  custom:framework-win-MediaFoundation: 216162199b28c13a410421893ffa2e32 -> 
  custom:video-decoder-ogg-theora: a1e56fd34408186e4bbccfd4996cb3dc -> 
  custom:container-muxer-webm: aa71ff27fc2769a1b78a27578f13a17b -> 
  custom:container-demuxer-webm: 4f35f7cbe854078d1ac9338744f61a02 -> 
  custom:container-demuxer-ogg: 62fdf1f143b41e24485cea50d1cbac27 -> 
  custom:video-encoder-webm-vp8: eb34c28f22e8b96e1ab97ce403110664 -> 
  custom:video-codec-MediaFoundation-h265: 746d11721c4dcdbdad8f713fa42b33f4 -> 
  custom:video-decoder-webm-vp8: 9c59270c3fd7afecdb556c50c9e8de78 -> 
  custom:audio-decoder-ogg-vorbis: bf7c407c2cedff20999df2af8eb42d56 -> 
  custom:audio-encoder-webm-vorbis: bf7c407c2cedff20999df2af8eb42d56 -> 
AssetImportWorkerClient::OnTransportError - code=2 error=End of file
